2020-06-05 12:30:26.631 [main] INFO  o.s.c.s.PostProcessorRegistrationDelegate$BeanPostProcessorChecker - Bean 'org.springframework.cloud.autoconfigure.ConfigurationPropertiesRebinderAutoConfiguration' of type [org.springframework.cloud.autoconfigure.ConfigurationPropertiesRebinderAutoConfiguration$$EnhancerBySpringCGLIB$$d2344243] is not eligible for getting processed by all BeanPostProcessors (for example: not eligible for auto-proxying)
2020-06-05 12:30:28.725 [main] INFO  com.usian.SearchServiceApp - No active profile set, falling back to default profiles: default
2020-06-05 12:30:29.778 [main] INFO  o.springframework.cloud.context.scope.GenericScope - BeanFactory id=950dec28-7501-3c3b-841d-88876a013951
2020-06-05 12:30:29.914 [main] INFO  o.s.c.s.PostProcessorRegistrationDelegate$BeanPostProcessorChecker - Bean 'org.springframework.transaction.annotation.ProxyTransactionManagementConfiguration' of type [org.springframework.transaction.annotation.ProxyTransactionManagementConfiguration$$EnhancerBySpringCGLIB$$b61a3f46] is not eligible for getting processed by all BeanPostProcessors (for example: not eligible for auto-proxying)
2020-06-05 12:30:29.938 [main] INFO  o.s.c.s.PostProcessorRegistrationDelegate$BeanPostProcessorChecker - Bean 'org.springframework.cloud.autoconfigure.ConfigurationPropertiesRebinderAutoConfiguration' of type [org.springframework.cloud.autoconfigure.ConfigurationPropertiesRebinderAutoConfiguration$$EnhancerBySpringCGLIB$$d2344243] is not eligible for getting processed by all BeanPostProcessors (for example: not eligible for auto-proxying)
2020-06-05 12:30:30.285 [main] INFO  o.s.boot.web.embedded.tomcat.TomcatWebServer - Tomcat initialized with port(s): 8095 (http)
2020-06-05 12:30:30.312 [main] INFO  org.apache.coyote.http11.Http11NioProtocol - Initializing ProtocolHandler ["http-nio-8095"]
2020-06-05 12:30:30.326 [main] INFO  org.apache.catalina.core.StandardService - Starting service [Tomcat]
2020-06-05 12:30:30.326 [main] INFO  org.apache.catalina.core.StandardEngine - Starting Servlet engine: [Apache Tomcat/9.0.21]
2020-06-05 12:30:30.580 [main] INFO  o.a.c.core.ContainerBase.[Tomcat].[localhost].[/] - Initializing Spring embedded WebApplicationContext
2020-06-05 12:30:30.580 [main] INFO  org.springframework.web.context.ContextLoader - Root WebApplicationContext: initialization completed in 1829 ms
2020-06-05 12:30:32.916 [main] WARN  com.netflix.config.sources.URLConfigurationSource - No URLs will be polled as dynamic configuration sources.
2020-06-05 12:30:32.916 [main] INFO  com.netflix.config.sources.URLConfigurationSource - To enable URLs as dynamic configuration sources, define System property archaius.configurationSource.additionalUrls or make config.properties available on classpath.
2020-06-05 12:30:32.920 [main] WARN  com.netflix.config.sources.URLConfigurationSource - No URLs will be polled as dynamic configuration sources.
2020-06-05 12:30:32.920 [main] INFO  com.netflix.config.sources.URLConfigurationSource - To enable URLs as dynamic configuration sources, define System property archaius.configurationSource.additionalUrls or make config.properties available on classpath.
2020-06-05 12:30:33.102 [main] INFO  o.s.scheduling.concurrent.ThreadPoolTaskExecutor - Initializing ExecutorService 'applicationTaskExecutor'
2020-06-05 12:30:37.855 [main] INFO  o.s.cloud.netflix.eureka.InstanceInfoFactory - Setting initial instance status as: STARTING
2020-06-05 12:30:37.921 [main] INFO  com.netflix.discovery.DiscoveryClient - Initializing Eureka in region us-east-1
2020-06-05 12:30:38.000 [main] INFO  c.n.discovery.provider.DiscoveryJerseyProvider - Using JSON encoding codec LegacyJacksonJson
2020-06-05 12:30:38.000 [main] INFO  c.n.discovery.provider.DiscoveryJerseyProvider - Using JSON decoding codec LegacyJacksonJson
2020-06-05 12:30:38.187 [main] INFO  c.n.discovery.provider.DiscoveryJerseyProvider - Using XML encoding codec XStreamXml
2020-06-05 12:30:38.187 [main] INFO  c.n.discovery.provider.DiscoveryJerseyProvider - Using XML decoding codec XStreamXml
2020-06-05 12:30:38.466 [main] INFO  c.n.d.shared.resolver.aws.ConfigClusterResolver - Resolving eureka endpoints via configuration
2020-06-05 12:30:39.484 [main] INFO  com.netflix.discovery.DiscoveryClient - Disable delta property : false
2020-06-05 12:30:39.484 [main] INFO  com.netflix.discovery.DiscoveryClient - Single vip registry refresh property : null
2020-06-05 12:30:39.484 [main] INFO  com.netflix.discovery.DiscoveryClient - Force full registry fetch : false
2020-06-05 12:30:39.484 [main] INFO  com.netflix.discovery.DiscoveryClient - Application is null : false
2020-06-05 12:30:39.484 [main] INFO  com.netflix.discovery.DiscoveryClient - Registered Applications size is zero : true
2020-06-05 12:30:39.484 [main] INFO  com.netflix.discovery.DiscoveryClient - Application version is -1: true
2020-06-05 12:30:39.484 [main] INFO  com.netflix.discovery.DiscoveryClient - Getting all instance registry info from the eureka server
2020-06-05 12:30:39.795 [main] INFO  com.netflix.discovery.DiscoveryClient - The response status is 200
2020-06-05 12:30:39.798 [main] INFO  com.netflix.discovery.DiscoveryClient - Starting heartbeat executor: renew interval is: 30
2020-06-05 12:30:39.802 [main] INFO  com.netflix.discovery.InstanceInfoReplicator - InstanceInfoReplicator onDemand update allowed rate per min is 4
2020-06-05 12:30:39.806 [main] INFO  com.netflix.discovery.DiscoveryClient - Discovery Client initialized at timestamp 1591331439804 with initial instances count: 0
2020-06-05 12:30:39.809 [main] INFO  o.s.c.n.e.serviceregistry.EurekaServiceRegistry - Registering application USIAN-SEARCH-SERVICE with eureka with status UP
2020-06-05 12:30:39.810 [main] INFO  com.netflix.discovery.DiscoveryClient - Saw local status change event StatusChangeEvent [timestamp=1591331439810, current=UP, previous=STARTING]
2020-06-05 12:30:39.813 [DiscoveryClient-InstanceInfoReplicator-0] INFO  com.netflix.discovery.DiscoveryClient - DiscoveryClient_USIAN-SEARCH-SERVICE/DESKTOP-0EJ4VKQ:usian-search-service:8095: registering service...
2020-06-05 12:30:39.837 [main] INFO  org.apache.coyote.http11.Http11NioProtocol - Starting ProtocolHandler ["http-nio-8095"]
2020-06-05 12:30:39.864 [main] INFO  o.s.boot.web.embedded.tomcat.TomcatWebServer - Tomcat started on port(s): 8095 (http) with context path ''
2020-06-05 12:30:39.865 [main] INFO  o.s.c.n.e.s.EurekaAutoServiceRegistration - Updating port to 8095
2020-06-05 12:30:39.867 [main] INFO  com.usian.SearchServiceApp - Started SearchServiceApp in 16.721 seconds (JVM running for 18.404)
2020-06-05 12:30:39.947 [DiscoveryClient-InstanceInfoReplicator-0] INFO  com.netflix.discovery.DiscoveryClient - DiscoveryClient_USIAN-SEARCH-SERVICE/DESKTOP-0EJ4VKQ:usian-search-service:8095 - registration status: 204
2020-06-05 12:31:09.799 [DiscoveryClient-CacheRefreshExecutor-0] INFO  com.netflix.discovery.DiscoveryClient - Disable delta property : false
2020-06-05 12:31:09.800 [DiscoveryClient-CacheRefreshExecutor-0] INFO  com.netflix.discovery.DiscoveryClient - Single vip registry refresh property : null
2020-06-05 12:31:09.800 [DiscoveryClient-CacheRefreshExecutor-0] INFO  com.netflix.discovery.DiscoveryClient - Force full registry fetch : false
2020-06-05 12:31:09.800 [DiscoveryClient-CacheRefreshExecutor-0] INFO  com.netflix.discovery.DiscoveryClient - Application is null : false
2020-06-05 12:31:09.800 [DiscoveryClient-CacheRefreshExecutor-0] INFO  com.netflix.discovery.DiscoveryClient - Registered Applications size is zero : true
2020-06-05 12:31:09.800 [DiscoveryClient-CacheRefreshExecutor-0] INFO  com.netflix.discovery.DiscoveryClient - Application version is -1: false
2020-06-05 12:31:09.800 [DiscoveryClient-CacheRefreshExecutor-0] INFO  com.netflix.discovery.DiscoveryClient - Getting all instance registry info from the eureka server
2020-06-05 12:31:09.850 [DiscoveryClient-CacheRefreshExecutor-0] INFO  com.netflix.discovery.DiscoveryClient - The response status is 200
2020-06-05 12:31:10.240 [main] INFO  o.s.c.s.PostProcessorRegistrationDelegate$BeanPostProcessorChecker - Bean 'org.springframework.cloud.autoconfigure.ConfigurationPropertiesRebinderAutoConfiguration' of type [org.springframework.cloud.autoconfigure.ConfigurationPropertiesRebinderAutoConfiguration$$EnhancerBySpringCGLIB$$9248cee5] is not eligible for getting processed by all BeanPostProcessors (for example: not eligible for auto-proxying)
2020-06-05 12:31:11.818 [main] INFO  com.usian.SearchWebApp - No active profile set, falling back to default profiles: default
2020-06-05 12:31:12.417 [main] INFO  o.springframework.cloud.context.scope.GenericScope - BeanFactory id=11da0675-95ad-3d21-9f1d-42a4e79fdf6e
2020-06-05 12:31:12.434 [main] INFO  o.s.c.s.PostProcessorRegistrationDelegate$BeanPostProcessorChecker - Bean 'com.usian.feign.ContentServiceFeignClient' of type [org.springframework.cloud.openfeign.FeignClientFactoryBean] is not eligible for getting processed by all BeanPostProcessors (for example: not eligible for auto-proxying)
2020-06-05 12:31:12.435 [main] INFO  o.s.c.s.PostProcessorRegistrationDelegate$BeanPostProcessorChecker - Bean 'com.usian.feign.SearchItemFeign' of type [org.springframework.cloud.openfeign.FeignClientFactoryBean] is not eligible for getting processed by all BeanPostProcessors (for example: not eligible for auto-proxying)
2020-06-05 12:31:12.489 [main] INFO  o.s.c.s.PostProcessorRegistrationDelegate$BeanPostProcessorChecker - Bean 'org.springframework.cloud.autoconfigure.ConfigurationPropertiesRebinderAutoConfiguration' of type [org.springframework.cloud.autoconfigure.ConfigurationPropertiesRebinderAutoConfiguration$$EnhancerBySpringCGLIB$$9248cee5] is not eligible for getting processed by all BeanPostProcessors (for example: not eligible for auto-proxying)
2020-06-05 12:31:12.774 [main] INFO  o.s.boot.web.embedded.tomcat.TomcatWebServer - Tomcat initialized with port(s): 8096 (http)
2020-06-05 12:31:12.799 [main] INFO  org.apache.coyote.http11.Http11NioProtocol - Initializing ProtocolHandler ["http-nio-8096"]
2020-06-05 12:31:12.814 [main] INFO  org.apache.catalina.core.StandardService - Starting service [Tomcat]
2020-06-05 12:31:12.814 [main] INFO  org.apache.catalina.core.StandardEngine - Starting Servlet engine: [Apache Tomcat/9.0.21]
2020-06-05 12:31:12.995 [main] INFO  o.a.c.core.ContainerBase.[Tomcat].[localhost].[/] - Initializing Spring embedded WebApplicationContext
2020-06-05 12:31:12.995 [main] INFO  org.springframework.web.context.ContextLoader - Root WebApplicationContext: initialization completed in 1165 ms
2020-06-05 12:31:13.232 [main] WARN  com.netflix.config.sources.URLConfigurationSource - No URLs will be polled as dynamic configuration sources.
2020-06-05 12:31:13.232 [main] INFO  com.netflix.config.sources.URLConfigurationSource - To enable URLs as dynamic configuration sources, define System property archaius.configurationSource.additionalUrls or make config.properties available on classpath.
2020-06-05 12:31:13.238 [main] WARN  com.netflix.config.sources.URLConfigurationSource - No URLs will be polled as dynamic configuration sources.
2020-06-05 12:31:13.238 [main] INFO  com.netflix.config.sources.URLConfigurationSource - To enable URLs as dynamic configuration sources, define System property archaius.configurationSource.additionalUrls or make config.properties available on classpath.
2020-06-05 12:31:13.397 [main] INFO  o.s.scheduling.concurrent.ThreadPoolTaskExecutor - Initializing ExecutorService 'applicationTaskExecutor'
2020-06-05 12:31:16.355 [main] INFO  o.s.cloud.netflix.eureka.InstanceInfoFactory - Setting initial instance status as: STARTING
2020-06-05 12:31:16.392 [main] INFO  com.netflix.discovery.DiscoveryClient - Initializing Eureka in region us-east-1
2020-06-05 12:31:17.239 [main] INFO  c.n.discovery.provider.DiscoveryJerseyProvider - Using JSON encoding codec LegacyJacksonJson
2020-06-05 12:31:17.240 [main] INFO  c.n.discovery.provider.DiscoveryJerseyProvider - Using JSON decoding codec LegacyJacksonJson
2020-06-05 12:31:17.342 [main] INFO  c.n.discovery.provider.DiscoveryJerseyProvider - Using XML encoding codec XStreamXml
2020-06-05 12:31:17.342 [main] INFO  c.n.discovery.provider.DiscoveryJerseyProvider - Using XML decoding codec XStreamXml
2020-06-05 12:31:17.489 [main] INFO  c.n.d.shared.resolver.aws.ConfigClusterResolver - Resolving eureka endpoints via configuration
2020-06-05 12:31:18.127 [main] INFO  com.netflix.discovery.DiscoveryClient - Disable delta property : false
2020-06-05 12:31:18.127 [main] INFO  com.netflix.discovery.DiscoveryClient - Single vip registry refresh property : null
2020-06-05 12:31:18.127 [main] INFO  com.netflix.discovery.DiscoveryClient - Force full registry fetch : false
2020-06-05 12:31:18.127 [main] INFO  com.netflix.discovery.DiscoveryClient - Application is null : false
2020-06-05 12:31:18.127 [main] INFO  com.netflix.discovery.DiscoveryClient - Registered Applications size is zero : true
2020-06-05 12:31:18.128 [main] INFO  com.netflix.discovery.DiscoveryClient - Application version is -1: true
2020-06-05 12:31:18.128 [main] INFO  com.netflix.discovery.DiscoveryClient - Getting all instance registry info from the eureka server
2020-06-05 12:31:18.286 [main] INFO  com.netflix.discovery.DiscoveryClient - The response status is 200
2020-06-05 12:31:18.288 [main] INFO  com.netflix.discovery.DiscoveryClient - Starting heartbeat executor: renew interval is: 30
2020-06-05 12:31:18.291 [main] INFO  com.netflix.discovery.InstanceInfoReplicator - InstanceInfoReplicator onDemand update allowed rate per min is 4
2020-06-05 12:31:18.294 [main] INFO  com.netflix.discovery.DiscoveryClient - Discovery Client initialized at timestamp 1591331478293 with initial instances count: 1
2020-06-05 12:31:18.296 [main] INFO  o.s.c.n.e.serviceregistry.EurekaServiceRegistry - Registering application USIAN-SEARCH-WEB with eureka with status UP
2020-06-05 12:31:18.297 [main] INFO  com.netflix.discovery.DiscoveryClient - Saw local status change event StatusChangeEvent [timestamp=1591331478296, current=UP, previous=STARTING]
2020-06-05 12:31:18.299 [DiscoveryClient-InstanceInfoReplicator-0] INFO  com.netflix.discovery.DiscoveryClient - DiscoveryClient_USIAN-SEARCH-WEB/DESKTOP-0EJ4VKQ:usian-search-web:8096: registering service...
2020-06-05 12:31:18.316 [main] INFO  org.apache.coyote.http11.Http11NioProtocol - Starting ProtocolHandler ["http-nio-8096"]
2020-06-05 12:31:18.351 [main] INFO  o.s.boot.web.embedded.tomcat.TomcatWebServer - Tomcat started on port(s): 8096 (http) with context path ''
2020-06-05 12:31:18.352 [main] INFO  o.s.c.n.e.s.EurekaAutoServiceRegistration - Updating port to 8096
2020-06-05 12:31:18.352 [DiscoveryClient-InstanceInfoReplicator-0] INFO  com.netflix.discovery.DiscoveryClient - DiscoveryClient_USIAN-SEARCH-WEB/DESKTOP-0EJ4VKQ:usian-search-web:8096 - registration status: 204
2020-06-05 12:31:18.353 [main] INFO  com.usian.SearchWebApp - Started SearchWebApp in 10.156 seconds (JVM running for 11.773)
2020-06-05 12:32:34.430 [http-nio-8096-exec-1] INFO  o.a.c.core.ContainerBase.[Tomcat].[localhost].[/] - Initializing Spring DispatcherServlet 'dispatcherServlet'
2020-06-05 12:32:34.430 [http-nio-8096-exec-1] INFO  org.springframework.web.servlet.DispatcherServlet - Initializing Servlet 'dispatcherServlet'
2020-06-05 12:32:34.443 [http-nio-8096-exec-1] INFO  org.springframework.web.servlet.DispatcherServlet - Completed initialization in 13 ms
2020-06-05 12:32:34.862 [http-nio-8096-exec-1] INFO  com.netflix.config.ChainedDynamicProperty - Flipping property: usian-search-service.ribbon.ActiveConnectionsLimit to use NEXT property: niws.loadbalancer.availabilityFilteringRule.activeConnectionsLimit = 2147483647
2020-06-05 12:32:34.917 [http-nio-8096-exec-1] INFO  com.netflix.util.concurrent.ShutdownEnabledTimer - Shutdown hook installed for: NFLoadBalancer-PingTimer-usian-search-service
2020-06-05 12:32:34.918 [http-nio-8096-exec-1] INFO  com.netflix.loadbalancer.BaseLoadBalancer - Client: usian-search-service instantiated a LoadBalancer: DynamicServerListLoadBalancer:{NFLoadBalancer:name=usian-search-service,current list of Servers=[],Load balancer stats=Zone stats: {},Server stats: []}ServerList:null
2020-06-05 12:32:34.931 [http-nio-8096-exec-1] INFO  c.n.loadbalancer.DynamicServerListLoadBalancer - Using serverListUpdater PollingServerListUpdater
2020-06-05 12:32:34.975 [http-nio-8096-exec-1] INFO  com.netflix.config.ChainedDynamicProperty - Flipping property: usian-search-service.ribbon.ActiveConnectionsLimit to use NEXT property: niws.loadbalancer.availabilityFilteringRule.activeConnectionsLimit = 2147483647
2020-06-05 12:32:34.977 [http-nio-8096-exec-1] INFO  c.n.loadbalancer.DynamicServerListLoadBalancer - DynamicServerListLoadBalancer for client usian-search-service initialized: DynamicServerListLoadBalancer:{NFLoadBalancer:name=usian-search-service,current list of Servers=[DESKTOP-0EJ4VKQ:8095],Load balancer stats=Zone stats: {defaultzone=[Zone:defaultzone;	Instance count:1;	Active connections count: 0;	Circuit breaker tripped count: 0;	Active connections per server: 0.0;]
},Server stats: [[Server:DESKTOP-0EJ4VKQ:8095;	Zone:defaultZone;	Total Requests:0;	Successive connection failure:0;	Total blackout seconds:0;	Last connection made:Thu Jan 01 08:00:00 CST 1970;	First connection made: Thu Jan 01 08:00:00 CST 1970;	Active Connections:0;	total failure count in last (1000) msecs:0;	average resp time:0.0;	90 percentile resp time:0.0;	95 percentile resp time:0.0;	min resp time:0.0;	max resp time:0.0;	stddev resp time:0.0]
]}ServerList:org.springframework.cloud.netflix.ribbon.eureka.DomainExtractingServerList@fb2925d
2020-06-05 12:32:35.221 [http-nio-8095-exec-1] INFO  o.a.c.core.ContainerBase.[Tomcat].[localhost].[/] - Initializing Spring DispatcherServlet 'dispatcherServlet'
2020-06-05 12:32:35.221 [http-nio-8095-exec-1] INFO  org.springframework.web.servlet.DispatcherServlet - Initializing Servlet 'dispatcherServlet'
2020-06-05 12:32:35.235 [http-nio-8095-exec-1] INFO  org.springframework.web.servlet.DispatcherServlet - Completed initialization in 14 ms
2020-06-05 12:32:35.355 [http-nio-8095-exec-2] INFO  com.alibaba.druid.pool.DruidDataSource - {dataSource-1} inited
2020-06-05 12:32:35.937 [PollingServerListUpdater-0] INFO  com.netflix.config.ChainedDynamicProperty - Flipping property: usian-search-service.ribbon.ActiveConnectionsLimit to use NEXT property: niws.loadbalancer.availabilityFilteringRule.activeConnectionsLimit = 2147483647
2020-06-05 12:35:39.488 [AsyncResolver-bootstrap-executor-0] INFO  c.n.d.shared.resolver.aws.ConfigClusterResolver - Resolving eureka endpoints via configuration
2020-06-05 12:36:18.131 [AsyncResolver-bootstrap-executor-0] INFO  c.n.d.shared.resolver.aws.ConfigClusterResolver - Resolving eureka endpoints via configuration
2020-06-05 12:40:39.490 [AsyncResolver-bootstrap-executor-0] INFO  c.n.d.shared.resolver.aws.ConfigClusterResolver - Resolving eureka endpoints via configuration
2020-06-05 12:41:18.133 [AsyncResolver-bootstrap-executor-0] INFO  c.n.d.shared.resolver.aws.ConfigClusterResolver - Resolving eureka endpoints via configuration
2020-06-05 12:45:39.492 [AsyncResolver-bootstrap-executor-0] INFO  c.n.d.shared.resolver.aws.ConfigClusterResolver - Resolving eureka endpoints via configuration
2020-06-05 12:46:18.134 [AsyncResolver-bootstrap-executor-0] INFO  c.n.d.shared.resolver.aws.ConfigClusterResolver - Resolving eureka endpoints via configuration
2020-06-05 12:50:39.493 [AsyncResolver-bootstrap-executor-0] INFO  c.n.d.shared.resolver.aws.ConfigClusterResolver - Resolving eureka endpoints via configuration
2020-06-05 12:51:18.136 [AsyncResolver-bootstrap-executor-0] INFO  c.n.d.shared.resolver.aws.ConfigClusterResolver - Resolving eureka endpoints via configuration
2020-06-05 12:55:39.495 [AsyncResolver-bootstrap-executor-0] INFO  c.n.d.shared.resolver.aws.ConfigClusterResolver - Resolving eureka endpoints via configuration
2020-06-05 12:56:18.137 [AsyncResolver-bootstrap-executor-0] INFO  c.n.d.shared.resolver.aws.ConfigClusterResolver - Resolving eureka endpoints via configuration
2020-06-05 13:00:39.496 [AsyncResolver-bootstrap-executor-0] INFO  c.n.d.shared.resolver.aws.ConfigClusterResolver - Resolving eureka endpoints via configuration
2020-06-05 13:01:18.139 [AsyncResolver-bootstrap-executor-0] INFO  c.n.d.shared.resolver.aws.ConfigClusterResolver - Resolving eureka endpoints via configuration
2020-06-05 13:05:39.498 [AsyncResolver-bootstrap-executor-0] INFO  c.n.d.shared.resolver.aws.ConfigClusterResolver - Resolving eureka endpoints via configuration
2020-06-05 13:06:18.141 [AsyncResolver-bootstrap-executor-0] INFO  c.n.d.shared.resolver.aws.ConfigClusterResolver - Resolving eureka endpoints via configuration
2020-06-05 13:10:39.500 [AsyncResolver-bootstrap-executor-0] INFO  c.n.d.shared.resolver.aws.ConfigClusterResolver - Resolving eureka endpoints via configuration
2020-06-05 13:11:18.143 [AsyncResolver-bootstrap-executor-0] INFO  c.n.d.shared.resolver.aws.ConfigClusterResolver - Resolving eureka endpoints via configuration
2020-06-05 13:15:39.501 [AsyncResolver-bootstrap-executor-0] INFO  c.n.d.shared.resolver.aws.ConfigClusterResolver - Resolving eureka endpoints via configuration
2020-06-05 13:16:18.144 [AsyncResolver-bootstrap-executor-0] INFO  c.n.d.shared.resolver.aws.ConfigClusterResolver - Resolving eureka endpoints via configuration
2020-06-05 13:20:39.503 [AsyncResolver-bootstrap-executor-0] INFO  c.n.d.shared.resolver.aws.ConfigClusterResolver - Resolving eureka endpoints via configuration
2020-06-05 13:21:18.145 [AsyncResolver-bootstrap-executor-0] INFO  c.n.d.shared.resolver.aws.ConfigClusterResolver - Resolving eureka endpoints via configuration
2020-06-05 13:25:39.504 [AsyncResolver-bootstrap-executor-0] INFO  c.n.d.shared.resolver.aws.ConfigClusterResolver - Resolving eureka endpoints via configuration
2020-06-05 13:26:18.147 [AsyncResolver-bootstrap-executor-0] INFO  c.n.d.shared.resolver.aws.ConfigClusterResolver - Resolving eureka endpoints via configuration
2020-06-05 13:30:39.506 [AsyncResolver-bootstrap-executor-0] INFO  c.n.d.shared.resolver.aws.ConfigClusterResolver - Resolving eureka endpoints via configuration
2020-06-05 13:31:18.148 [AsyncResolver-bootstrap-executor-0] INFO  c.n.d.shared.resolver.aws.ConfigClusterResolver - Resolving eureka endpoints via configuration
2020-06-05 13:35:39.507 [AsyncResolver-bootstrap-executor-0] INFO  c.n.d.shared.resolver.aws.ConfigClusterResolver - Resolving eureka endpoints via configuration
2020-06-05 13:36:18.150 [AsyncResolver-bootstrap-executor-0] INFO  c.n.d.shared.resolver.aws.ConfigClusterResolver - Resolving eureka endpoints via configuration
2020-06-05 13:40:39.508 [AsyncResolver-bootstrap-executor-0] INFO  c.n.d.shared.resolver.aws.ConfigClusterResolver - Resolving eureka endpoints via configuration
2020-06-05 13:41:18.152 [AsyncResolver-bootstrap-executor-0] INFO  c.n.d.shared.resolver.aws.ConfigClusterResolver - Resolving eureka endpoints via configuration
2020-06-05 13:45:39.510 [AsyncResolver-bootstrap-executor-0] INFO  c.n.d.shared.resolver.aws.ConfigClusterResolver - Resolving eureka endpoints via configuration
2020-06-05 13:46:18.153 [AsyncResolver-bootstrap-executor-0] INFO  c.n.d.shared.resolver.aws.ConfigClusterResolver - Resolving eureka endpoints via configuration
2020-06-05 13:50:39.512 [AsyncResolver-bootstrap-executor-0] INFO  c.n.d.shared.resolver.aws.ConfigClusterResolver - Resolving eureka endpoints via configuration
2020-06-05 13:51:18.154 [AsyncResolver-bootstrap-executor-0] INFO  c.n.d.shared.resolver.aws.ConfigClusterResolver - Resolving eureka endpoints via configuration
2020-06-05 13:55:39.513 [AsyncResolver-bootstrap-executor-0] INFO  c.n.d.shared.resolver.aws.ConfigClusterResolver - Resolving eureka endpoints via configuration
2020-06-05 13:56:18.156 [AsyncResolver-bootstrap-executor-0] INFO  c.n.d.shared.resolver.aws.ConfigClusterResolver - Resolving eureka endpoints via configuration
2020-06-05 14:00:39.515 [AsyncResolver-bootstrap-executor-0] INFO  c.n.d.shared.resolver.aws.ConfigClusterResolver - Resolving eureka endpoints via configuration
2020-06-05 14:01:18.158 [AsyncResolver-bootstrap-executor-0] INFO  c.n.d.shared.resolver.aws.ConfigClusterResolver - Resolving eureka endpoints via configuration
2020-06-05 14:05:39.516 [AsyncResolver-bootstrap-executor-0] INFO  c.n.d.shared.resolver.aws.ConfigClusterResolver - Resolving eureka endpoints via configuration
2020-06-05 14:06:18.159 [AsyncResolver-bootstrap-executor-0] INFO  c.n.d.shared.resolver.aws.ConfigClusterResolver - Resolving eureka endpoints via configuration
2020-06-05 14:10:39.519 [AsyncResolver-bootstrap-executor-0] INFO  c.n.d.shared.resolver.aws.ConfigClusterResolver - Resolving eureka endpoints via configuration
2020-06-05 14:11:18.161 [AsyncResolver-bootstrap-executor-0] INFO  c.n.d.shared.resolver.aws.ConfigClusterResolver - Resolving eureka endpoints via configuration
2020-06-05 14:15:39.520 [AsyncResolver-bootstrap-executor-0] INFO  c.n.d.shared.resolver.aws.ConfigClusterResolver - Resolving eureka endpoints via configuration
2020-06-05 14:16:18.163 [AsyncResolver-bootstrap-executor-0] INFO  c.n.d.shared.resolver.aws.ConfigClusterResolver - Resolving eureka endpoints via configuration
2020-06-05 14:20:39.522 [AsyncResolver-bootstrap-executor-0] INFO  c.n.d.shared.resolver.aws.ConfigClusterResolver - Resolving eureka endpoints via configuration
2020-06-05 14:21:18.164 [AsyncResolver-bootstrap-executor-0] INFO  c.n.d.shared.resolver.aws.ConfigClusterResolver - Resolving eureka endpoints via configuration
2020-06-05 14:25:39.523 [AsyncResolver-bootstrap-executor-0] INFO  c.n.d.shared.resolver.aws.ConfigClusterResolver - Resolving eureka endpoints via configuration
2020-06-05 14:26:18.166 [AsyncResolver-bootstrap-executor-0] INFO  c.n.d.shared.resolver.aws.ConfigClusterResolver - Resolving eureka endpoints via configuration
2020-06-05 14:30:39.524 [AsyncResolver-bootstrap-executor-0] INFO  c.n.d.shared.resolver.aws.ConfigClusterResolver - Resolving eureka endpoints via configuration
2020-06-05 14:31:18.167 [AsyncResolver-bootstrap-executor-0] INFO  c.n.d.shared.resolver.aws.ConfigClusterResolver - Resolving eureka endpoints via configuration
2020-06-05 14:35:39.525 [AsyncResolver-bootstrap-executor-0] INFO  c.n.d.shared.resolver.aws.ConfigClusterResolver - Resolving eureka endpoints via configuration
2020-06-05 14:36:18.169 [AsyncResolver-bootstrap-executor-0] INFO  c.n.d.shared.resolver.aws.ConfigClusterResolver - Resolving eureka endpoints via configuration
2020-06-05 14:40:39.527 [AsyncResolver-bootstrap-executor-0] INFO  c.n.d.shared.resolver.aws.ConfigClusterResolver - Resolving eureka endpoints via configuration
2020-06-05 14:41:18.171 [AsyncResolver-bootstrap-executor-0] INFO  c.n.d.shared.resolver.aws.ConfigClusterResolver - Resolving eureka endpoints via configuration
